*DISPLACEMENTS
1 0.000000E+00 0.000000E+00 0.0000e+00
2 9.124287E-07 0.000000E+00 0.0000e+00
3 1.083643E-06 0.000000E+00 0.0000e+00
4 1.255000E-06 0.000000E+00 0.0000e+00
5 0.000000E+00 0.000000E+00 0.0000e+00
6 4.126040E-06 -1.652644E-06 0.0000e+00
7 3.874327E-06 -8.646094E-07 0.0000e+00
8 4.770852E-06 -1.818327E-06 0.0000e+00
9 5.667851E-06 -3.861795E-06 0.0000e+00
10 8.705542E-06 -3.044958E-06 0.0000e+00
11 8.981843E-06 -3.636761E-06 0.0000e+00
12 1.117668E-05 -6.437211E-06 0.0000e+00
13 1.379088E-05 -5.721759E-06 0.0000e+00
14 1.531469E-05 -8.341973E-06 0.0000e+00
*REACTION_FORCES
1 FX = -2.814377E+04
1 FY = -1.377302E+04
2 FY = 1.435046E+04
3 FY = 1.361760E+04
4 FY = 4.497030E+04
5 FX = -1.976625E+04
5 FY = 6.082328E+04
*ELEMENT_STRAINS
1 3.041429E-07
2 5.707139E-08
3 5.711902E-08
4 -4.183333E-07
5 4.122327E-07
6 2.626781E-07
7 -9.532035E-09
8 -6.811561E-07
9 -3.701422E-07
10 -1.972676E-07
11 -1.009362E-07
12 2.384841E-07
13 5.079365E-07
14 -5.104896E-06
15 3.041429E-07
16 2.853570E-08
17 0.000000E+00
18 -2.091667E-07
19 -5.508813E-07
20 1.732913E-07
21 -3.179059E-07
22 2.989995E-07
23 1.012564E-06
24 -5.258365E-08
25 -9.334834E-07
26 -3.164585E-07
27 -8.734047E-07
28 -5.104896E-06
*ELEMENT_STRESSES
1 6.387001E+05
2 1.198499E+05
3 1.199499E+05
4 -8.785000E+05
5 8.656886E+05
6 5.516241E+05
7 -2.001727E+04
8 -1.430428E+06
9 -7.772987E+05
10 -4.142620E+05
11 -2.119661E+05
12 5.008165E+05
13 1.066667E+06
14 -1.072028E+07
15 6.387001E+05
16 5.992496E+04
17 0.000000E+00
18 -4.392500E+05
19 -1.156851E+06
20 3.639117E+05
21 -6.676024E+05
22 6.278989E+05
23 2.126384E+06
24 -1.104257E+05
25 -1.960315E+06
26 -6.645628E+05
27 -1.834150E+06
28 -1.072028E+07
